{"level":"error"}
{"level":"error","message":"log out"}
{"level":"error","message":"log out"}
{"level":"error","message":"log out"}
{"level":"error","message":"log out"}
{"level":"error","message":"log out"}
{"level":"error","message":"log out"}
{"level":"error","message":"log out"}
{"level":"error","message":"log out"}
{"level":"error","message":"Parse error on line 28:\n...\"ingresar\">\r</form>\n----------------------^\nExpecting 'OPEN_INVERSE_CHAIN', 'INVERSE', 'OPEN_ENDBLOCK', got 'EOF'"}
{"level":"error","message":"Parse error on line 28:\n...\"ingresar\">\r</form>\n----------------------^\nExpecting 'OPEN_INVERSE_CHAIN', 'INVERSE', 'OPEN_ENDBLOCK', got 'EOF'"}
{"level":"error","message":"Parse error on line 28:\n...\"ingresar\">\r</form>\n----------------------^\nExpecting 'OPEN_INVERSE_CHAIN', 'INVERSE', 'OPEN_ENDBLOCK', got 'EOF'"}
{"level":"error","message":"Parse error on line 28:\n...\"ingresar\">\r</form>\n----------------------^\nExpecting 'OPEN_INVERSE_CHAIN', 'INVERSE', 'OPEN_ENDBLOCK', got 'EOF'"}
{"level":"error","message":"each doesn't match select - 17:3"}
{"level":"error","message":"Missing helper: \"select\""}
{"level":"error","message":"Missing helper: \"select\""}
{"level":"error","message":"Missing helper: \"select\""}
{"code":"EAUTH","command":"API","level":"error"}
{"code":"ECONNECTION","command":"EHLO","level":"error","response":"421 Timeout - closing connection","responseCode":421}
{"level":"error","message":"log out"}
