{"level":"warn","message":"ruta /favicon.ico, método GET no implementada"}
{"level":"warn","message":"ruta /api/login/pepe, método GET no implementada"}
{"level":"warn","message":"ruta /favicon.ico, método GET no implementada"}
{"level":"warn","message":"ruta /api/imgagen, método GET no implementada"}
{"level":"warn","message":"ruta /api/imagen, método GET no implementada"}
{"level":"warn","message":"ruta /api/imgagen, método GET no implementada"}
{"level":"warn","message":"ruta /api/imagen, método GET no implementada"}
{"level":"warn","message":"ruta /favicon.ico, método GET no implementada"}
{"level":"warn","message":"ruta /favicon.ico, método GET no implementada"}
{"level":"warn","message":"ruta /favicon.ico, método GET no implementada"}
{"level":"error"}
{"level":"warn","message":"ruta /favicon.ico, método GET no implementada"}
{"level":"error","message":"log out"}
{"level":"warn","message":"ruta /favicon.ico, método GET no implementada"}
{"level":"warn","message":"ruta /favicon.ico, método GET no implementada"}
{"level":"warn","message":"ruta /favicon.ico, método GET no implementada"}
{"level":"warn","message":"ruta /favicon.ico, método GET no implementada"}
{"level":"error","message":"log out"}
{"level":"warn","message":"ruta /favicon.ico, método GET no implementada"}
{"level":"warn","message":"ruta /favicon.ico, método GET no implementada"}
{"level":"error","message":"log out"}
{"level":"warn","message":"ruta /favicon.ico, método GET no implementada"}
{"level":"warn","message":"ruta /favicon.ico, método GET no implementada"}
{"level":"error","message":"log out"}
{"level":"warn","message":"ruta /favicon.ico, método GET no implementada"}
{"level":"warn","message":"ruta /favicon.ico, método GET no implementada"}
{"level":"warn","message":"ruta /favicon.ico, método GET no implementada"}
{"level":"warn","message":"ruta /favicon.ico, método GET no implementada"}
{"level":"error","message":"log out"}
{"level":"warn","message":"ruta /favicon.ico, método GET no implementada"}
{"level":"warn","message":"ruta /favicon.ico, método GET no implementada"}
{"level":"error","message":"log out"}
{"level":"warn","message":"ruta /favicon.ico, método GET no implementada"}
{"level":"warn","message":"ruta /favicon.ico, método GET no implementada"}
{"level":"error","message":"log out"}
{"level":"warn","message":"ruta /favicon.ico, método GET no implementada"}
{"level":"warn","message":"ruta /favicon.ico, método GET no implementada"}
{"level":"warn","message":"ruta /favicon.ico, método GET no implementada"}
{"level":"error","message":"log out"}
{"level":"warn","message":"ruta /favicon.ico, método GET no implementada"}
{"level":"error","message":"Parse error on line 28:\n...\"ingresar\">\r</form>\n----------------------^\nExpecting 'OPEN_INVERSE_CHAIN', 'INVERSE', 'OPEN_ENDBLOCK', got 'EOF'"}
{"level":"warn","message":"ruta /favicon.ico, método GET no implementada"}
{"level":"error","message":"Parse error on line 28:\n...\"ingresar\">\r</form>\n----------------------^\nExpecting 'OPEN_INVERSE_CHAIN', 'INVERSE', 'OPEN_ENDBLOCK', got 'EOF'"}
{"level":"error","message":"Parse error on line 28:\n...\"ingresar\">\r</form>\n----------------------^\nExpecting 'OPEN_INVERSE_CHAIN', 'INVERSE', 'OPEN_ENDBLOCK', got 'EOF'"}
{"level":"error","message":"Parse error on line 28:\n...\"ingresar\">\r</form>\n----------------------^\nExpecting 'OPEN_INVERSE_CHAIN', 'INVERSE', 'OPEN_ENDBLOCK', got 'EOF'"}
{"level":"error","message":"each doesn't match select - 17:3"}
{"level":"warn","message":"ruta /favicon.ico, método GET no implementada"}
{"level":"error","message":"Missing helper: \"select\""}
{"level":"warn","message":"ruta /favicon.ico, método GET no implementada"}
{"level":"error","message":"Missing helper: \"select\""}
{"level":"warn","message":"ruta /favicon.ico, método GET no implementada"}
{"level":"error","message":"Missing helper: \"select\""}
{"level":"warn","message":"ruta /favicon.ico, método GET no implementada"}
{"level":"warn","message":"ruta /favicon.ico, método GET no implementada"}
{"level":"warn","message":"ruta /favicon.ico, método GET no implementada"}
{"level":"warn","message":"ruta /favicon.ico, método GET no implementada"}
{"level":"warn","message":"ruta /favicon.ico, método GET no implementada"}
{"level":"warn","message":"ruta /favicon.ico, método GET no implementada"}
{"level":"warn","message":"ruta /favicon.ico, método GET no implementada"}
{"level":"warn","message":"ruta /api/api/error_registro, método GET no implementada"}
{"level":"warn","message":"ruta /favicon.ico, método GET no implementada"}
{"level":"warn","message":"ruta /favicon.ico, método GET no implementada"}
{"level":"warn","message":"ruta /favicon.ico, método GET no implementada"}
{"level":"warn","message":"ruta /api/registro/api/login, método GET no implementada"}
{"level":"warn","message":"ruta /api/registro/api/login, método GET no implementada"}
{"code":"EAUTH","command":"API","level":"error"}
{"code":"ECONNECTION","command":"EHLO","level":"error","response":"421 Timeout - closing connection","responseCode":421}
{"level":"warn","message":"ruta /favicon.ico, método GET no implementada"}
{"level":"warn","message":"ruta /favicon.ico, método GET no implementada"}
{"level":"warn","message":"ruta /favicon.ico, método GET no implementada"}
{"level":"error","message":"log out"}
{"level":"warn","message":"ruta /favicon.ico, método GET no implementada"}
